d:\intelrealsense\vsprojects\behaviordetection\df_facetracking\build\win32_debug\df_facetracking\rsdatacollector.obj
d:\intelrealsense\vsprojects\behaviordetection\df_facetracking\build\win32_debug\df_facetracking\facetrackingrenderer2d.obj
d:\intelrealsense\vsprojects\behaviordetection\df_facetracking\build\win32_debug\df_facetracking\facetrackingutilities.obj
d:\intelrealsense\vsprojects\behaviordetection\df_facetracking\build\win32_debug\df_facetracking\facetrackingrenderer3d.obj
d:\intelrealsense\vsprojects\behaviordetection\df_facetracking\build\win32_debug\df_facetracking\facetrackingrenderer.obj
d:\intelrealsense\vsprojects\behaviordetection\df_facetracking\build\win32_debug\df_facetracking\facetrackingrenderermanager.obj
d:\intelrealsense\vsprojects\behaviordetection\df_facetracking\build\win32_debug\df_facetracking\facetrackingframeratecalculator.obj
d:\intelrealsense\vsprojects\behaviordetection\df_facetracking\build\win32_debug\df_facetracking\main.obj
d:\intelrealsense\vsprojects\behaviordetection\df_facetracking\build\win32_debug\df_facetracking\facetrackingalerthandler.obj
d:\intelrealsense\vsprojects\behaviordetection\df_facetracking\build\win32_debug\df_facetracking\facetrackingprocessor.obj
d:\intelrealsense\vsprojects\behaviordetection\df_facetracking\build\win32_debug\df_facetracking\face_tracking.res
d:\intelrealsense\vsprojects\behaviordetection\df_facetracking\bin/win32/df_facetracking_d.exe
d:\intelrealsense\vsprojects\behaviordetection\df_facetracking\build\win32_debug\df_facetracking\df_facetracking.tlog\cl.command.1.tlog
d:\intelrealsense\vsprojects\behaviordetection\df_facetracking\build\win32_debug\df_facetracking\df_facetracking.tlog\cl.read.1.tlog
d:\intelrealsense\vsprojects\behaviordetection\df_facetracking\build\win32_debug\df_facetracking\df_facetracking.tlog\cl.write.1.tlog
d:\intelrealsense\vsprojects\behaviordetection\df_facetracking\build\win32_debug\df_facetracking\df_facetracking.tlog\link.command.1.tlog
d:\intelrealsense\vsprojects\behaviordetection\df_facetracking\build\win32_debug\df_facetracking\df_facetracking.tlog\link.read.1.tlog
d:\intelrealsense\vsprojects\behaviordetection\df_facetracking\build\win32_debug\df_facetracking\df_facetracking.tlog\rc.command.1.tlog
d:\intelrealsense\vsprojects\behaviordetection\df_facetracking\build\win32_debug\df_facetracking\df_facetracking.tlog\rc.read.1.tlog
d:\intelrealsense\vsprojects\behaviordetection\df_facetracking\build\win32_debug\df_facetracking\df_facetracking.tlog\rc.write.1.tlog
